<?xml version="1.0" encoding="UTF-8"?>
<testsuite name="com.boylegu.springboot_vue.SpringbootVueApplicationTests" time="0" tests="1" errors="0" skipped="1" failures="0">
  <properties>
    <property name="idea.version" value="2022.3.2"/>
    <property name="java.runtime.name" value="OpenJDK Runtime Environment"/>
    <property name="java.vm.version" value="15.0.10+5-MTS"/>
    <property name="sun.boot.library.path" value="C:\Users\web-3\.jdks\azul-15.0.10\bin"/>
    <property name="maven.multiModuleProjectDirectory" value="C:\workspace\private_p\SpringBoot-vue-master"/>
    <property name="java.vm.vendor" value="Azul Systems, Inc."/>
    <property name="java.vendor.url" value="http://www.azul.com/"/>
    <property name="guice.disable.misplaced.annotation.check" value="true"/>
    <property name="path.separator" value=";"/>
    <property name="java.vm.name" value="OpenJDK 64-Bit Server VM"/>
    <property name="sun.os.patch.level" value=""/>
    <property name="user.script" value=""/>
    <property name="user.country" value="KR"/>
    <property name="sun.java.launcher" value="SUN_STANDARD"/>
    <property name="java.vm.specification.name" value="Java Virtual Machine Specification"/>
    <property name="user.dir" value="C:\workspace\private_p\SpringBoot-vue-master"/>
    <property name="java.vm.compressedOopsMode" value="Zero based"/>
    <property name="java.runtime.version" value="15.0.10+5-MTS"/>
    <property name="os.arch" value="amd64"/>
    <property name="java.io.tmpdir" value="C:\Users\web-3\AppData\Local\Temp\"/>
    <property name="line.separator" value="&#10;"/>
    <property name="java.vm.specification.vendor" value="Oracle Corporation"/>
    <property name="user.variant" value=""/>
    <property name="os.name" value="Windows 11"/>
    <property name="maven.ext.class.path" value="C:\Program Files\JetBrains\IntelliJ IDEA 2022.3.2\plugins\maven\lib\maven-event-listener.jar"/>
    <property name="classworlds.conf" value="C:\Users\web-3\.m2\wrapper\dists\apache-maven-3.5.0-bin\6ps54u5pnnbbpr6ds9rppcc7iv\apache-maven-3.5.0\bin\m2.conf"/>
    <property name="sun.jnu.encoding" value="MS949"/>
    <property name="java.library.path" value="C:\Users\web-3\.jdks\azul-15.0.10\bin;C:\Windows\Sun\Java\bin;C:\Windows\system32;C:\Windows;C:\Program Files (x86)\VMware\VMware Workstation\bin\;C:\Program Files (x86)\Common Files\Oracle\Java\javapath;C:\Windows\system32;C:\Windows;C:\Windows\System32\Wbem;C:\Windows\System32\WindowsPowerShell\v1.0\;C:\Windows\System32\OpenSSH\;C:\Program Files\TortoiseSVN\bin;C:\Users\web-3\AppData\Roaming\nvm;C:\Program Files\nodejs;C:\Program Files (x86)\NetSarang\Xshell 7\;C:\Program Files\Docker\Docker\resources\bin;C:\Users\web-3\AppData\Local\Microsoft\WindowsApps;C:\Users\web-3\AppData\Roaming\npm;C:\Program Files\JetBrains\IntelliJ IDEA 2022.3.2\bin;;C:\Users\web-3\AppData\Roaming\nvm;C:\Program Files\nodejs;C:\Users\web-3\AppData\Local\Programs\Microsoft VS Code\bin;."/>
    <property name="jansi.passthrough" value="true"/>
    <property name="maven.conf" value="C:\Users\web-3\.m2\wrapper\dists\apache-maven-3.5.0-bin\6ps54u5pnnbbpr6ds9rppcc7iv\apache-maven-3.5.0/conf"/>
    <property name="jdk.debug" value="release"/>
    <property name="java.class.version" value="59.0"/>
    <property name="java.specification.name" value="Java Platform API Specification"/>
    <property name="sun.management.compiler" value="HotSpot 64-Bit Tiered Compilers"/>
    <property name="os.version" value="10.0"/>
    <property name="library.jansi.path" value="C:\Users\web-3\.m2\wrapper\dists\apache-maven-3.5.0-bin\6ps54u5pnnbbpr6ds9rppcc7iv\apache-maven-3.5.0\lib\jansi-native\windows64"/>
    <property name="user.home" value="C:\Users\web-3"/>
    <property name="user.timezone" value="Asia/Seoul"/>
    <property name="file.encoding" value="UTF-8"/>
    <property name="java.specification.version" value="15"/>
    <property name="user.name" value="web-3"/>
    <property name="java.class.path" value="C:\Users\web-3\.m2\wrapper\dists\apache-maven-3.5.0-bin\6ps54u5pnnbbpr6ds9rppcc7iv\apache-maven-3.5.0\boot\plexus-classworlds-2.5.2.jar"/>
    <property name="java.vm.specification.version" value="15"/>
    <property name="sun.arch.data.model" value="64"/>
    <property name="sun.java.command" value="org.codehaus.classworlds.Launcher -Didea.version=2022.3.2 package"/>
    <property name="java.home" value="C:\Users\web-3\.jdks\azul-15.0.10"/>
    <property name="user.language" value="ko"/>
    <property name="java.specification.vendor" value="Oracle Corporation"/>
    <property name="java.vm.info" value="mixed mode, sharing"/>
    <property name="java.version" value="15.0.10"/>
    <property name="java.vendor" value="Azul Systems, Inc."/>
    <property name="maven.home" value="C:\Users\web-3\.m2\wrapper\dists\apache-maven-3.5.0-bin\6ps54u5pnnbbpr6ds9rppcc7iv\apache-maven-3.5.0"/>
    <property name="file.separator" value="\"/>
    <property name="java.version.date" value="2023-01-17"/>
    <property name="java.vendor.url.bug" value="http://www.azul.com/support/"/>
    <property name="sun.io.unicode.encoding" value="UnicodeLittle"/>
    <property name="sun.cpu.endian" value="little"/>
    <property name="java.vendor.version" value="Zulu15.46+17-CA"/>
    <property name="sun.cpu.isalist" value="amd64"/>
  </properties>
  <testcase name="com.boylegu.springboot_vue.SpringbootVueApplicationTests" classname="com.boylegu.springboot_vue.SpringbootVueApplicationTests" time="0">
    <skipped/>
  </testcase>
</testsuite>